/home/lizhuo/miniconda3/envs/drqv2/lib/python3.8/site-packages/torchvision/transforms/functional_pil.py:387: DeprecationWarning: BILINEAR is deprecated and will be removed in Pillow 10 (2023-07-01). Use Resampling.BILINEAR instead.
  def resize(img, size, interpolation=Image.BILINEAR):
/home/lizhuo/miniconda3/envs/drqv2/lib/python3.8/site-packages/torchvision/transforms/functional_pil.py:545: DeprecationWarning: BICUBIC is deprecated and will be removed in Pillow 10 (2023-07-01). Use Resampling.BICUBIC instead.
  def perspective(img, perspective_coeffs, interpolation=Image.BICUBIC, fill=None):
/home/lizhuo/miniconda3/envs/drqv2/lib/python3.8/site-packages/torchvision/transforms/functional.py:288: DeprecationWarning: BILINEAR is deprecated and will be removed in Pillow 10 (2023-07-01). Use Resampling.BILINEAR instead.
  def resize(img: Tensor, size: List[int], interpolation: int = Image.BILINEAR) -> Tensor:
/home/lizhuo/miniconda3/envs/drqv2/lib/python3.8/site-packages/torchvision/transforms/functional.py:419: DeprecationWarning: BILINEAR is deprecated and will be removed in Pillow 10 (2023-07-01). Use Resampling.BILINEAR instead.
  img: Tensor, top: int, left: int, height: int, width: int, size: List[int], interpolation: int = Image.BILINEAR
/home/lizhuo/miniconda3/envs/drqv2/lib/python3.8/site-packages/torchvision/transforms/transforms.py:26: DeprecationWarning: NEAREST is deprecated and will be removed in Pillow 10 (2023-07-01). Use Resampling.NEAREST or Dither.NONE instead.
  Image.NEAREST: 'PIL.Image.NEAREST',
/home/lizhuo/miniconda3/envs/drqv2/lib/python3.8/site-packages/torchvision/transforms/transforms.py:27: DeprecationWarning: BILINEAR is deprecated and will be removed in Pillow 10 (2023-07-01). Use Resampling.BILINEAR instead.
  Image.BILINEAR: 'PIL.Image.BILINEAR',
/home/lizhuo/miniconda3/envs/drqv2/lib/python3.8/site-packages/torchvision/transforms/transforms.py:28: DeprecationWarning: BICUBIC is deprecated and will be removed in Pillow 10 (2023-07-01). Use Resampling.BICUBIC instead.
  Image.BICUBIC: 'PIL.Image.BICUBIC',
/home/lizhuo/miniconda3/envs/drqv2/lib/python3.8/site-packages/torchvision/transforms/transforms.py:29: DeprecationWarning: LANCZOS is deprecated and will be removed in Pillow 10 (2023-07-01). Use Resampling.LANCZOS instead.
  Image.LANCZOS: 'PIL.Image.LANCZOS',
/home/lizhuo/miniconda3/envs/drqv2/lib/python3.8/site-packages/torchvision/transforms/transforms.py:30: DeprecationWarning: HAMMING is deprecated and will be removed in Pillow 10 (2023-07-01). Use Resampling.HAMMING instead.
  Image.HAMMING: 'PIL.Image.HAMMING',
/home/lizhuo/miniconda3/envs/drqv2/lib/python3.8/site-packages/torchvision/transforms/transforms.py:31: DeprecationWarning: BOX is deprecated and will be removed in Pillow 10 (2023-07-01). Use Resampling.BOX instead.
  Image.BOX: 'PIL.Image.BOX',
/home/lizhuo/miniconda3/envs/drqv2/lib/python3.8/site-packages/torchvision/transforms/transforms.py:250: DeprecationWarning: BILINEAR is deprecated and will be removed in Pillow 10 (2023-07-01). Use Resampling.BILINEAR instead.
  def __init__(self, size, interpolation=Image.BILINEAR):
/home/lizhuo/miniconda3/envs/drqv2/lib/python3.8/site-packages/torchvision/transforms/transforms.py:671: DeprecationWarning: BILINEAR is deprecated and will be removed in Pillow 10 (2023-07-01). Use Resampling.BILINEAR instead.
  def __init__(self, distortion_scale=0.5, p=0.5, interpolation=Image.BILINEAR, fill=0):
/home/lizhuo/miniconda3/envs/drqv2/lib/python3.8/site-packages/torchvision/transforms/transforms.py:752: DeprecationWarning: BILINEAR is deprecated and will be removed in Pillow 10 (2023-07-01). Use Resampling.BILINEAR instead.
  def __init__(self, size, scale=(0.08, 1.0), ratio=(3. / 4., 4. / 3.), interpolation=Image.BILINEAR):
/home/lizhuo/miniconda3/envs/drqv2/lib/python3.8/site-packages/torch/utils/tensorboard/__init__.py:3: DeprecationWarning: distutils Version classes are deprecated. Use packaging.version instead.
  if not hasattr(tensorboard, '__version__') or LooseVersion(tensorboard.__version__) < LooseVersion('1.15'):
/home/lizhuo/miniconda3/envs/drqv2/lib/python3.8/site-packages/torch/utils/tensorboard/__init__.py:3: DeprecationWarning: distutils Version classes are deprecated. Use packaging.version instead.
  if not hasattr(tensorboard, '__version__') or LooseVersion(tensorboard.__version__) < LooseVersion('1.15'):
workspace: /home/lizhuo/drqv2_necsa/exp_local/2022.11.29/163904_task=humanoid_walk
| eval           | F: 0 | S: 0 | E: 0 | L: 1000 | R: 0.7416 | T: 0:00:00
| train          | F: 5000 | S: 2500 | E: 5 | L: 1000 | R: 0.4548 | BS: 2500 | FPS: 18.1944 | T: 0:00:54
| train          | F: 6000 | S: 3000 | E: 6 | L: 1000 | R: 0.0425 | BS: 3000 | FPS: 74.7596 | T: 0:01:08
| train          | F: 7000 | S: 3500 | E: 7 | L: 1000 | R: 2.0060 | BS: 3500 | FPS: 72.9581 | T: 0:01:22
| train          | F: 8000 | S: 4000 | E: 8 | L: 1000 | R: 0.8329 | BS: 4000 | FPS: 72.7409 | T: 0:01:35
| train          | F: 9000 | S: 4500 | E: 9 | L: 1000 | R: 0.5582 | BS: 4500 | FPS: 72.4668 | T: 0:01:49
| train          | F: 10000 | S: 5000 | E: 10 | L: 1000 | R: 1.6097 | BS: 5000 | FPS: 72.6805 | T: 0:02:03
| eval           | F: 10000 | S: 5000 | E: 10 | L: 1000 | R: 0.9102 | T: 0:02:03
| train          | F: 11000 | S: 5500 | E: 11 | L: 1000 | R: 1.3483 | BS: 5500 | FPS: 37.7661 | T: 0:02:29
| train          | F: 12000 | S: 6000 | E: 12 | L: 1000 | R: 1.0233 | BS: 6000 | FPS: 72.7406 | T: 0:02:43
| train          | F: 13000 | S: 6500 | E: 13 | L: 1000 | R: 0.7165 | BS: 6500 | FPS: 75.0038 | T: 0:02:56
| train          | F: 14000 | S: 7000 | E: 14 | L: 1000 | R: 0.8926 | BS: 7000 | FPS: 73.8209 | T: 0:03:10
| train          | F: 15000 | S: 7500 | E: 15 | L: 1000 | R: 1.5175 | BS: 7500 | FPS: 73.5321 | T: 0:03:24
| train          | F: 16000 | S: 8000 | E: 16 | L: 1000 | R: 1.1204 | BS: 8000 | FPS: 72.2947 | T: 0:03:37
| train          | F: 17000 | S: 8500 | E: 17 | L: 1000 | R: 0.1197 | BS: 8500 | FPS: 73.6405 | T: 0:03:51
| train          | F: 18000 | S: 9000 | E: 18 | L: 1000 | R: 3.7764 | BS: 9000 | FPS: 71.7742 | T: 0:04:05
| train          | F: 19000 | S: 9500 | E: 19 | L: 1000 | R: 0.5379 | BS: 9500 | FPS: 71.6817 | T: 0:04:19
| train          | F: 20000 | S: 10000 | E: 20 | L: 1000 | R: 1.1538 | BS: 10000 | FPS: 70.4342 | T: 0:04:33
| eval           | F: 20000 | S: 10000 | E: 20 | L: 1000 | R: 1.2423 | T: 0:04:33
| train          | F: 21000 | S: 10500 | E: 21 | L: 1000 | R: 0.6294 | BS: 10500 | FPS: 38.2359 | T: 0:04:59
| train          | F: 22000 | S: 11000 | E: 22 | L: 1000 | R: 0.8814 | BS: 11000 | FPS: 73.4476 | T: 0:05:13
| train          | F: 23000 | S: 11500 | E: 23 | L: 1000 | R: 2.5996 | BS: 11500 | FPS: 73.1114 | T: 0:05:26
| train          | F: 24000 | S: 12000 | E: 24 | L: 1000 | R: 0.5071 | BS: 12000 | FPS: 74.7354 | T: 0:05:40
| train          | F: 25000 | S: 12500 | E: 25 | L: 1000 | R: 1.2481 | BS: 12500 | FPS: 73.6697 | T: 0:05:53
| train          | F: 26000 | S: 13000 | E: 26 | L: 1000 | R: 1.1525 | BS: 13000 | FPS: 72.5898 | T: 0:06:07
| train          | F: 27000 | S: 13500 | E: 27 | L: 1000 | R: 1.9728 | BS: 13500 | FPS: 72.9239 | T: 0:06:21
| train          | F: 28000 | S: 14000 | E: 28 | L: 1000 | R: 0.5419 | BS: 14000 | FPS: 71.8937 | T: 0:06:35
| train          | F: 29000 | S: 14500 | E: 29 | L: 1000 | R: 2.7534 | BS: 14500 | FPS: 72.0740 | T: 0:06:49
| train          | F: 30000 | S: 15000 | E: 30 | L: 1000 | R: 0.8995 | BS: 15000 | FPS: 73.7530 | T: 0:07:02
| eval           | F: 30000 | S: 15000 | E: 30 | L: 1000 | R: 0.6420 | T: 0:07:02
| train          | F: 31000 | S: 15500 | E: 31 | L: 1000 | R: 1.4733 | BS: 15500 | FPS: 37.5863 | T: 0:07:29
| train          | F: 32000 | S: 16000 | E: 32 | L: 1000 | R: 0.8222 | BS: 16000 | FPS: 71.7480 | T: 0:07:43
| train          | F: 33000 | S: 16500 | E: 33 | L: 1000 | R: 0.9078 | BS: 16500 | FPS: 71.2015 | T: 0:07:57
| train          | F: 34000 | S: 17000 | E: 34 | L: 1000 | R: 0.5479 | BS: 17000 | FPS: 71.5556 | T: 0:08:11
| train          | F: 35000 | S: 17500 | E: 35 | L: 1000 | R: 0.0814 | BS: 17500 | FPS: 72.5935 | T: 0:08:25
| train          | F: 36000 | S: 18000 | E: 36 | L: 1000 | R: 0.8534 | BS: 18000 | FPS: 72.7722 | T: 0:08:38
| train          | F: 37000 | S: 18500 | E: 37 | L: 1000 | R: 0.4804 | BS: 18500 | FPS: 74.1344 | T: 0:08:52
| train          | F: 38000 | S: 19000 | E: 38 | L: 1000 | R: 0.4763 | BS: 19000 | FPS: 74.5001 | T: 0:09:05
| train          | F: 39000 | S: 19500 | E: 39 | L: 1000 | R: 0.5317 | BS: 19500 | FPS: 72.1707 | T: 0:09:19
| train          | F: 40000 | S: 20000 | E: 40 | L: 1000 | R: 0.3767 | BS: 20000 | FPS: 73.5345 | T: 0:09:33
| eval           | F: 40000 | S: 20000 | E: 40 | L: 1000 | R: 1.0059 | T: 0:09:33
| train          | F: 41000 | S: 20500 | E: 41 | L: 1000 | R: 0.7654 | BS: 20500 | FPS: 38.1744 | T: 0:09:59
| train          | F: 42000 | S: 21000 | E: 42 | L: 1000 | R: 1.2590 | BS: 21000 | FPS: 74.8097 | T: 0:10:12
| train          | F: 43000 | S: 21500 | E: 43 | L: 1000 | R: 1.3829 | BS: 21500 | FPS: 73.6059 | T: 0:10:26
| train          | F: 44000 | S: 22000 | E: 44 | L: 1000 | R: 0.2843 | BS: 22000 | FPS: 72.7880 | T: 0:10:40
| train          | F: 45000 | S: 22500 | E: 45 | L: 1000 | R: 0.0239 | BS: 22500 | FPS: 72.5957 | T: 0:10:53
| train          | F: 46000 | S: 23000 | E: 46 | L: 1000 | R: 0.8847 | BS: 23000 | FPS: 74.8572 | T: 0:11:07
| train          | F: 47000 | S: 23500 | E: 47 | L: 1000 | R: 2.5449 | BS: 23500 | FPS: 71.9320 | T: 0:11:21
| train          | F: 48000 | S: 24000 | E: 48 | L: 1000 | R: 0.2163 | BS: 24000 | FPS: 73.1230 | T: 0:11:34
| train          | F: 49000 | S: 24500 | E: 49 | L: 1000 | R: 0.7207 | BS: 24500 | FPS: 73.2041 | T: 0:11:48
| train          | F: 50000 | S: 25000 | E: 50 | L: 1000 | R: 0.7335 | BS: 25000 | FPS: 73.8125 | T: 0:12:02
| eval           | F: 50000 | S: 25000 | E: 50 | L: 1000 | R: 2.0092 | T: 0:12:02
| train          | F: 51000 | S: 25500 | E: 51 | L: 1000 | R: 1.0462 | BS: 25500 | FPS: 26.5979 | T: 0:12:39
| train          | F: 52000 | S: 26000 | E: 52 | L: 1000 | R: 1.4470 | BS: 26000 | FPS: 69.9175 | T: 0:12:53
| train          | F: 53000 | S: 26500 | E: 53 | L: 1000 | R: 1.3782 | BS: 26500 | FPS: 68.7223 | T: 0:13:08
| train          | F: 54000 | S: 27000 | E: 54 | L: 1000 | R: 0.4752 | BS: 27000 | FPS: 70.7728 | T: 0:13:22
| train          | F: 55000 | S: 27500 | E: 55 | L: 1000 | R: 2.0075 | BS: 27500 | FPS: 70.8195 | T: 0:13:36
| train          | F: 56000 | S: 28000 | E: 56 | L: 1000 | R: 1.9313 | BS: 28000 | FPS: 71.8435 | T: 0:13:50
| train          | F: 57000 | S: 28500 | E: 57 | L: 1000 | R: 1.3704 | BS: 28500 | FPS: 71.1320 | T: 0:14:04
| train          | F: 58000 | S: 29000 | E: 58 | L: 1000 | R: 1.1159 | BS: 29000 | FPS: 70.8903 | T: 0:14:18
| train          | F: 59000 | S: 29500 | E: 59 | L: 1000 | R: 0.7661 | BS: 29500 | FPS: 72.4508 | T: 0:14:32
| train          | F: 60000 | S: 30000 | E: 60 | L: 1000 | R: 1.2963 | BS: 30000 | FPS: 72.5806 | T: 0:14:46
| eval           | F: 60000 | S: 30000 | E: 60 | L: 1000 | R: 0.9781 | T: 0:14:46
| train          | F: 61000 | S: 30500 | E: 61 | L: 1000 | R: 1.3016 | BS: 30500 | FPS: 26.1114 | T: 0:15:24
| train          | F: 62000 | S: 31000 | E: 62 | L: 1000 | R: 0.7228 | BS: 31000 | FPS: 65.8648 | T: 0:15:39
| train          | F: 63000 | S: 31500 | E: 63 | L: 1000 | R: 1.3186 | BS: 31500 | FPS: 69.2184 | T: 0:15:54
| train          | F: 64000 | S: 32000 | E: 64 | L: 1000 | R: 0.1922 | BS: 32000 | FPS: 74.9487 | T: 0:16:07
| train          | F: 65000 | S: 32500 | E: 65 | L: 1000 | R: 1.0099 | BS: 32500 | FPS: 67.4631 | T: 0:16:22
| train          | F: 66000 | S: 33000 | E: 66 | L: 1000 | R: 0.0234 | BS: 33000 | FPS: 67.7607 | T: 0:16:37
| train          | F: 67000 | S: 33500 | E: 67 | L: 1000 | R: 2.3974 | BS: 33500 | FPS: 71.3242 | T: 0:16:51
| train          | F: 68000 | S: 34000 | E: 68 | L: 1000 | R: 1.2599 | BS: 34000 | FPS: 70.8239 | T: 0:17:05
| train          | F: 69000 | S: 34500 | E: 69 | L: 1000 | R: 0.4651 | BS: 34500 | FPS: 70.5404 | T: 0:17:19
| train          | F: 70000 | S: 35000 | E: 70 | L: 1000 | R: 1.1597 | BS: 35000 | FPS: 68.2643 | T: 0:17:34
| eval           | F: 70000 | S: 35000 | E: 70 | L: 1000 | R: 1.8842 | T: 0:17:34
| train          | F: 71000 | S: 35500 | E: 71 | L: 1000 | R: 2.5594 | BS: 35500 | FPS: 26.8790 | T: 0:18:11
| train          | F: 72000 | S: 36000 | E: 72 | L: 1000 | R: 0.5805 | BS: 36000 | FPS: 70.3116 | T: 0:18:25
| train          | F: 73000 | S: 36500 | E: 73 | L: 1000 | R: 1.7291 | BS: 36500 | FPS: 70.2664 | T: 0:18:39
| train          | F: 74000 | S: 37000 | E: 74 | L: 1000 | R: 0.3240 | BS: 37000 | FPS: 68.1075 | T: 0:18:54
